[2025-09-19 03:32:46] Starting WiFi interface fix (patch2)
[2025-09-19 03:32:46] Problem: hostapd configured for wlan1 but USB WiFi is wlan0
[2025-09-19 03:32:46] STEP 1: Stopping services
[2025-09-19 03:32:46] Running: Stop hostapd service
[2025-09-19 03:32:46] Command: systemctl stop hostapd
[2025-09-19 03:32:47] Exit code: 0
[2025-09-19 03:32:47] Running: Stop dnsmasq service
[2025-09-19 03:32:47] Command: systemctl stop dnsmasq
[2025-09-19 03:32:47] Exit code: 0
[2025-09-19 03:32:47] STEP 2: Backing up configurations
[2025-09-19 03:32:47] Running: Backup hostapd config
[2025-09-19 03:32:47] Command: cp /etc/hostapd/hostapd.conf /etc/hostapd/hostapd.conf.backup.1758249167
[2025-09-19 03:32:47] Exit code: 0
[2025-09-19 03:32:47] Running: Backup dnsmasq config
[2025-09-19 03:32:47] Command: cp /etc/dnsmasq.conf /etc/dnsmasq.conf.backup.1758249167
[2025-09-19 03:32:47] Exit code: 0
[2025-09-19 03:32:47] STEP 3: Fixing hostapd configuration (wlan1 -> wlan0)
[2025-09-19 03:32:47] Running: Update hostapd interface
[2025-09-19 03:32:47] Command: sed -i 's/interface=wlan1/interface=wlan0/g' /etc/hostapd/hostapd.conf
[2025-09-19 03:32:47] Exit code: 0
[2025-09-19 03:32:47] Running: Show updated hostapd config
[2025-09-19 03:32:47] Command: cat /etc/hostapd/hostapd.conf
interface=wlan0
driver=nl80211
ssid=ValerieParty
hw_mode=g
channel=6
wmm_enabled=0
macaddr_acl=0
auth_algs=1
ignore_broadcast_ssid=0
[2025-09-19 03:32:47] Exit code: 0
[2025-09-19 03:32:47] STEP 4: Fixing dnsmasq configuration (wlan1 -> wlan0)
[2025-09-19 03:32:47] Running: Update dnsmasq interface
[2025-09-19 03:32:47] Command: sed -i 's/interface=wlan1/interface=wlan0/g' /etc/dnsmasq.conf
[2025-09-19 03:32:47] Exit code: 0
[2025-09-19 03:32:47] Running: Show updated dnsmasq config
[2025-09-19 03:32:47] Command: grep -A5 'interface=wlan0' /etc/dnsmasq.conf
interface=wlan0
dhcp-range=192.168.4.2,192.168.4.20,255.255.255.0,24h
#address=/#/192.168.4.1
[2025-09-19 03:32:47] Exit code: 0
[2025-09-19 03:32:47] STEP 5: Fixing IP addresses
[2025-09-19 03:32:47] Running: Remove IP from wlan1 (ignore errors)
[2025-09-19 03:32:47] Command: ip addr del 192.168.4.1/24 dev wlan1
[2025-09-19 03:32:47] Exit code: 0
[2025-09-19 03:32:47] Running: Add IP to wlan0
[2025-09-19 03:32:47] Command: ip addr add 192.168.4.1/24 dev wlan0
[2025-09-19 03:32:47] Exit code: 0
[2025-09-19 03:32:47] Running: Bring wlan0 up
[2025-09-19 03:32:47] Command: ip link set dev wlan0 up
[2025-09-19 03:32:47] Exit code: 0
[2025-09-19 03:32:47] STEP 6: Checking interface status
[2025-09-19 03:32:47] Running: Show wlan0 status
[2025-09-19 03:32:47] Command: ip addr show wlan0
3: wlan0: <BROADCAST,MULTICAST,UP,LOWER_UP> mtu 2312 qdisc mq state UP group default qlen 1000
    link/ether e4:be:ed:f8:1f:42 brd ff:ff:ff:ff:ff:ff
    inet 10.228.15.232/24 brd 10.228.15.255 scope global dynamic noprefixroute wlan0
       valid_lft 3562sec preferred_lft 3562sec
    inet 192.168.4.1/24 scope global wlan0
       valid_lft forever preferred_lft forever
    inet6 fe80::211b:1ff5:b92b:1167/64 scope link noprefixroute 
       valid_lft forever preferred_lft forever
[2025-09-19 03:32:47] Exit code: 0
[2025-09-19 03:32:47] Running: Show wlan1 status
[2025-09-19 03:32:47] Command: ip addr show wlan1
4: wlan1: <NO-CARRIER,BROADCAST,MULTICAST,UP> mtu 1500 qdisc pfifo_fast state DOWN group default qlen 1000
    link/ether e4:5f:01:10:68:9e brd ff:ff:ff:ff:ff:ff
[2025-09-19 03:32:47] Exit code: 0
[2025-09-19 03:32:47] Running: Show wireless interface status
[2025-09-19 03:32:47] Command: iwconfig
lo        no wireless extensions.

eth0      no wireless extensions.

wlan0     IEEE 802.11bgn  ESSID:"Kitesurfer"  Nickname:"<WIFI@REALTEK>"
          Mode:Managed  Frequency:2.437 GHz  Access Point: 0A:F4:63:E5:90:FF   
          Bit Rate:144.4 Mb/s   Sensitivity:0/0  
          Retry:off   RTS thr:off   Fragment thr:off
          Encryption key:****-****-****-****-****-****-****-****   Security mode:open
          Power Management:off
          Link Quality=99/100  Signal level=71/100  Noise level=0/100
          Rx invalid nwid:0  Rx invalid crypt:0  Rx invalid frag:0
          Tx excessive retries:0  Invalid misc:0   Missed beacon:0

wlan1     IEEE 802.11  ESSID:off/any  
          Mode:Managed  Access Point: Not-Associated   Tx-Power=31 dBm   
          Retry short limit:7   RTS thr:off   Fragment thr:off
          Encryption key:off
          Power Management:on
          
[2025-09-19 03:32:47] Exit code: 0
[2025-09-19 03:32:47] STEP 7: Starting services
[2025-09-19 03:32:47] Running: Start dnsmasq
[2025-09-19 03:32:47] Command: systemctl start dnsmasq
[2025-09-19 03:32:47] Exit code: 0
[2025-09-19 03:32:49] Running: Start hostapd
[2025-09-19 03:32:49] Command: systemctl start hostapd
[2025-09-19 03:32:50] Exit code: 0
[2025-09-19 03:32:53] STEP 8: Verifying services
[2025-09-19 03:32:53] Running: Check dnsmasq status
[2025-09-19 03:32:53] Command: systemctl status dnsmasq
● dnsmasq.service - dnsmasq - A lightweight DHCP and caching DNS server
     Loaded: loaded (/lib/systemd/system/dnsmasq.service; enabled; preset: enabled)
     Active: active (running) since Fri 2025-09-19 03:32:47 BST; 5s ago
    Process: 4497 ExecStartPre=/usr/share/dnsmasq/systemd-helper checkconfig (code=exited, status=0/SUCCESS)
    Process: 4502 ExecStart=/usr/share/dnsmasq/systemd-helper exec (code=exited, status=0/SUCCESS)
    Process: 4508 ExecStartPost=/usr/share/dnsmasq/systemd-helper start-resolvconf (code=exited, status=0/SUCCESS)
   Main PID: 4507 (dnsmasq)
      Tasks: 1 (limit: 8750)
        CPU: 49ms
     CGroup: /system.slice/dnsmasq.service
             └─4507 /usr/sbin/dnsmasq -x /run/dnsmasq/dnsmasq.pid -u dnsmasq -7 /etc/dnsmasq.d,.dpkg-dist,.dpkg-old,.dpkg-new --local-service --trust-anchor=.,20326,8,2,E06D44B80B8F1D39A95C0B0D7C65D08458E880409BBC683457104237C7F8EC8D --trust-anchor=.,38696,8,2,683D2D0ACB8C9B712A1948B27F741219298D0A450D612C483AF444A4C0FB2B16

Sep 19 03:32:47 raspberrypi systemd[1]: Starting dnsmasq.service - dnsmasq - A lightweight DHCP and caching DNS server...
Sep 19 03:32:47 raspberrypi dnsmasq[4507]: started, version 2.90 cachesize 150
Sep 19 03:32:47 raspberrypi dnsmasq[4507]: compile time options: IPv6 GNU-getopt DBus no-UBus i18n IDN2 DHCP DHCPv6 no-Lua TFTP conntrack ipset nftset auth cryptohash DNSSEC loop-detect inotify dumpfile
Sep 19 03:32:47 raspberrypi dnsmasq-dhcp[4507]: DHCP, IP range 192.168.4.2 -- 192.168.4.20, lease time 1d
Sep 19 03:32:47 raspberrypi dnsmasq[4507]: reading /etc/resolv.conf
Sep 19 03:32:47 raspberrypi dnsmasq[4507]: using nameserver 10.228.15.40#53
Sep 19 03:32:47 raspberrypi dnsmasq[4507]: read /etc/hosts - 7 names
Sep 19 03:32:47 raspberrypi systemd[1]: Started dnsmasq.service - dnsmasq - A lightweight DHCP and caching DNS server.
[2025-09-19 03:32:53] Exit code: 0
[2025-09-19 03:32:53] Running: Check hostapd status
[2025-09-19 03:32:53] Command: systemctl status hostapd
● hostapd.service - Access point and authentication server for Wi-Fi and Ethernet
     Loaded: loaded (/lib/systemd/system/hostapd.service; enabled; preset: enabled)
     Active: active (running) since Fri 2025-09-19 03:32:50 BST; 3s ago
       Docs: man:hostapd(8)
    Process: 4527 ExecStart=/usr/sbin/hostapd -B -P /run/hostapd.pid $DAEMON_OPTS ${DAEMON_CONF} (code=exited, status=0/SUCCESS)
   Main PID: 4528 (hostapd)
      Tasks: 1 (limit: 8750)
        CPU: 14ms
     CGroup: /system.slice/hostapd.service
             └─4528 /usr/sbin/hostapd -B -P /run/hostapd.pid /etc/hostapd/hostapd.conf

Sep 19 03:32:49 raspberrypi systemd[1]: Starting hostapd.service - Access point and authentication server for Wi-Fi and Ethernet...
Sep 19 03:32:50 raspberrypi hostapd[4527]: wlan0: interface state UNINITIALIZED->ENABLED
Sep 19 03:32:50 raspberrypi hostapd[4527]: wlan0: AP-ENABLED
Sep 19 03:32:50 raspberrypi systemd[1]: Started hostapd.service - Access point and authentication server for Wi-Fi and Ethernet.
[2025-09-19 03:32:53] Exit code: 0
[2025-09-19 03:32:53] STEP 9: Testing WiFi broadcast
[2025-09-19 03:32:53] Running: Check wlan0 wireless mode
[2025-09-19 03:32:53] Command: iwconfig wlan0
wlan0     IEEE 802.11bg  ESSID:"ValerieParty"  Nickname:"<WIFI@REALTEK>"
          Mode:Master  Frequency:2.437 GHz  Access Point: E4:BE:ED:F8:1F:42   
          Bit Rate:54 Mb/s   Sensitivity:0/0  
          Retry:off   RTS thr:off   Fragment thr:off
          Encryption key:off
          Power Management:off
          Link Quality=97/100  Signal level=71/100  Noise level=0/100
          Rx invalid nwid:0  Rx invalid crypt:0  Rx invalid frag:0
          Tx excessive retries:0  Invalid misc:0   Missed beacon:0

[2025-09-19 03:32:53] Exit code: 0
[2025-09-19 03:32:53] Running: Scan for ValerieParty network
[2025-09-19 03:32:53] Command: iwlist scan | grep -A5 -B5 ValerieParty
lo        Interface doesn't support scanning.

eth0      Interface doesn't support scanning.

[2025-09-19 03:32:59] Exit code: 1
[2025-09-19 03:32:59] STEP 10: Testing local connectivity
[2025-09-19 03:32:59] Running: Ping local IP
[2025-09-19 03:32:59] Command: ping -c 2 192.168.4.1
PING 192.168.4.1 (192.168.4.1) 56(84) bytes of data.
64 bytes from 192.168.4.1: icmp_seq=1 ttl=64 time=0.283 ms
64 bytes from 192.168.4.1: icmp_seq=2 ttl=64 time=0.132 ms

--- 192.168.4.1 ping statistics ---
2 packets transmitted, 2 received, 0% packet loss, time 1002ms
rtt min/avg/max/mdev = 0.132/0.207/0.283/0.075 ms
[2025-09-19 03:33:00] Exit code: 0
[2025-09-19 03:33:00] Running: Test Flask connectivity
[2025-09-19 03:33:00] Command: curl -m 5 http://192.168.4.1:5001/ || echo 'Flask app not running - start manually'
  % Total    % Received % Xferd  Average Speed   Time    Time     Time  Current
                                 Dload  Upload   Total   Spent    Left  Speed
  0     0    0     0    0     0      0      0 --:--:-- --:--:-- --:--:--     0  0     0    0     0    0     0      0      0 --:--:-- --:--:-- --:--:--     0
curl: (7) Failed to connect to 192.168.4.1 port 5001 after 0 ms: Couldn't connect to server
Flask app not running - start manually
[2025-09-19 03:33:00] Exit code: 0
[2025-09-19 03:33:00] PATCH COMPLETED!
[2025-09-19 03:33:00] Summary of changes:
[2025-09-19 03:33:01] - hostapd now uses wlan0 instead of wlan1
[2025-09-19 03:33:01] - dnsmasq now uses wlan0 instead of wlan1
[2025-09-19 03:33:01] - IP 192.168.4.1 moved from wlan1 to wlan0
[2025-09-19 03:33:01] - Services restarted
[2025-09-19 03:33:01] 
[2025-09-19 03:33:01] What to do next:
[2025-09-19 03:33:01] 1. Check if 'ValerieParty' network is visible on your tablet
[2025-09-19 03:33:01] 2. If visible, connect and test http://192.168.4.1:5001/mobile/
[2025-09-19 03:33:01] 3. If not visible, check the service status above for errors
[2025-09-19 03:33:01] 
[2025-09-19 03:33:01] Complete log saved to: patch2.log
